C:\tom\libpng\lpng1234\lpng1234\projects\visualc71\Win32_LIB_Debug\cl.command.1.tlog
C:\tom\libpng\lpng1234\lpng1234\projects\visualc71\Win32_LIB_Debug\CL.read.1.tlog
C:\tom\libpng\lpng1234\lpng1234\projects\visualc71\Win32_LIB_Debug\CL.write.1.tlog
C:\tom\libpng\lpng1234\lpng1234\projects\visualc71\Win32_LIB_Debug\lib.command.1.tlog
C:\tom\libpng\lpng1234\lpng1234\projects\visualc71\Win32_LIB_Debug\Lib-link.read.1.tlog
C:\tom\libpng\lpng1234\lpng1234\projects\visualc71\Win32_LIB_Debug\Lib-link.write.1.tlog
C:\TOM\LIBPNG\LPNG1234\LPNG1234\PROJECTS\VISUALC71\WIN32_LIB_DEBUG\LIBPNG.PCH
C:\tom\libpng\lpng1234\lpng1234\projects\visualc71\Win32_LIB_Debug\libpng.write.1.tlog
C:\TOM\LIBPNG\LPNG1234\LPNG1234\PROJECTS\VISUALC71\WIN32_LIB_DEBUG\LIBPNGD.LIB
C:\TOM\LIBPNG\LPNG1234\LPNG1234\PROJECTS\VISUALC71\WIN32_LIB_DEBUG\PNG.OBJ
C:\TOM\LIBPNG\LPNG1234\LPNG1234\PROJECTS\VISUALC71\WIN32_LIB_DEBUG\PNGERROR.OBJ
C:\TOM\LIBPNG\LPNG1234\LPNG1234\PROJECTS\VISUALC71\WIN32_LIB_DEBUG\PNGGET.OBJ
C:\TOM\LIBPNG\LPNG1234\LPNG1234\PROJECTS\VISUALC71\WIN32_LIB_DEBUG\PNGMEM.OBJ
C:\TOM\LIBPNG\LPNG1234\LPNG1234\PROJECTS\VISUALC71\WIN32_LIB_DEBUG\PNGPREAD.OBJ
C:\TOM\LIBPNG\LPNG1234\LPNG1234\PROJECTS\VISUALC71\WIN32_LIB_DEBUG\PNGREAD.OBJ
C:\TOM\LIBPNG\LPNG1234\LPNG1234\PROJECTS\VISUALC71\WIN32_LIB_DEBUG\PNGRIO.OBJ
C:\TOM\LIBPNG\LPNG1234\LPNG1234\PROJECTS\VISUALC71\WIN32_LIB_DEBUG\PNGRTRAN.OBJ
C:\TOM\LIBPNG\LPNG1234\LPNG1234\PROJECTS\VISUALC71\WIN32_LIB_DEBUG\PNGRUTIL.OBJ
C:\TOM\LIBPNG\LPNG1234\LPNG1234\PROJECTS\VISUALC71\WIN32_LIB_DEBUG\PNGSET.OBJ
C:\TOM\LIBPNG\LPNG1234\LPNG1234\PROJECTS\VISUALC71\WIN32_LIB_DEBUG\PNGTRANS.OBJ
C:\TOM\LIBPNG\LPNG1234\LPNG1234\PROJECTS\VISUALC71\WIN32_LIB_DEBUG\PNGWIO.OBJ
C:\TOM\LIBPNG\LPNG1234\LPNG1234\PROJECTS\VISUALC71\WIN32_LIB_DEBUG\PNGWRITE.OBJ
C:\TOM\LIBPNG\LPNG1234\LPNG1234\PROJECTS\VISUALC71\WIN32_LIB_DEBUG\PNGWTRAN.OBJ
C:\TOM\LIBPNG\LPNG1234\LPNG1234\PROJECTS\VISUALC71\WIN32_LIB_DEBUG\PNGWUTIL.OBJ
C:\tom\libpng\lpng1234\lpng1234\projects\visualc71\Win32_LIB_Debug\vc100.idb
C:\TOM\LIBPNG\LPNG1234\LPNG1234\PROJECTS\VISUALC71\WIN32_LIB_DEBUG\VC100.PDB
