c:\tom\libpng\lpng1234\lpng1234\projects\visualc71\win32_lib_debug\libpngd.pch
c:\tom\libpng\lpng1234\lpng1234\projects\visualc71\win32_lib_debug\pngerror.obj
c:\tom\libpng\lpng1234\lpng1234\projects\visualc71\win32_lib_debug\libpngd.pdb
c:\tom\libpng\lpng1234\lpng1234\projects\visualc71\win32_lib_debug\pngwutil.obj
c:\tom\libpng\lpng1234\lpng1234\projects\visualc71\win32_lib_debug\pngwtran.obj
c:\tom\libpng\lpng1234\lpng1234\projects\visualc71\win32_lib_debug\pngwrite.obj
c:\tom\libpng\lpng1234\lpng1234\projects\visualc71\win32_lib_debug\pngwio.obj
c:\tom\libpng\lpng1234\lpng1234\projects\visualc71\win32_lib_debug\pngtrans.obj
c:\tom\libpng\lpng1234\lpng1234\projects\visualc71\win32_lib_debug\pngset.obj
c:\tom\libpng\lpng1234\lpng1234\projects\visualc71\win32_lib_debug\pngrutil.obj
c:\tom\libpng\lpng1234\lpng1234\projects\visualc71\win32_lib_debug\pngrtran.obj
c:\tom\libpng\lpng1234\lpng1234\projects\visualc71\win32_lib_debug\pngrio.obj
c:\tom\libpng\lpng1234\lpng1234\projects\visualc71\win32_lib_debug\pngread.obj
c:\tom\libpng\lpng1234\lpng1234\projects\visualc71\win32_lib_debug\pngpread.obj
c:\tom\libpng\lpng1234\lpng1234\projects\visualc71\win32_lib_debug\pngmem.obj
c:\tom\libpng\lpng1234\lpng1234\projects\visualc71\win32_lib_debug\pngget.obj
c:\tom\libpng\lpng1234\lpng1234\projects\visualc71\win32_lib_debug\png.obj
c:\tom\libpng\lpng1234\lpng1234\projects\visualc71\win32_lib_debug\libpngd.lib
c:\tom\libpng\lpng1234\lpng1234\projects\visualc71\win32_lib_debug\cl.command.1.tlog
c:\tom\libpng\lpng1234\lpng1234\projects\visualc71\win32_lib_debug\cl.read.1.tlog
c:\tom\libpng\lpng1234\lpng1234\projects\visualc71\win32_lib_debug\cl.write.1.tlog
c:\tom\libpng\lpng1234\lpng1234\projects\visualc71\win32_lib_debug\lib-link.read.1.tlog
c:\tom\libpng\lpng1234\lpng1234\projects\visualc71\win32_lib_debug\lib-link.write.1.tlog
c:\tom\libpng\lpng1234\lpng1234\projects\visualc71\win32_lib_debug\lib.command.1.tlog
c:\tom\libpng\lpng1234\lpng1234\projects\visualc71\win32_lib_debug\libpng.write.1.tlog
