c:\tom\libpng\lpng1234\lpng1234\projects\visualc71\win32_lib_release\libpng.pch
c:\tom\libpng\lpng1234\lpng1234\projects\visualc71\win32_lib_release\pngerror.obj
c:\tom\libpng\lpng1234\lpng1234\projects\visualc71\win32_lib_release\libpng.pdb
c:\tom\libpng\lpng1234\lpng1234\projects\visualc71\win32_lib_release\pngwutil.obj
c:\tom\libpng\lpng1234\lpng1234\projects\visualc71\win32_lib_release\pngwtran.obj
c:\tom\libpng\lpng1234\lpng1234\projects\visualc71\win32_lib_release\pngwrite.obj
c:\tom\libpng\lpng1234\lpng1234\projects\visualc71\win32_lib_release\pngwio.obj
c:\tom\libpng\lpng1234\lpng1234\projects\visualc71\win32_lib_release\pngtrans.obj
c:\tom\libpng\lpng1234\lpng1234\projects\visualc71\win32_lib_release\pngset.obj
c:\tom\libpng\lpng1234\lpng1234\projects\visualc71\win32_lib_release\pngrutil.obj
c:\tom\libpng\lpng1234\lpng1234\projects\visualc71\win32_lib_release\pngrtran.obj
c:\tom\libpng\lpng1234\lpng1234\projects\visualc71\win32_lib_release\pngrio.obj
c:\tom\libpng\lpng1234\lpng1234\projects\visualc71\win32_lib_release\pngread.obj
c:\tom\libpng\lpng1234\lpng1234\projects\visualc71\win32_lib_release\pngpread.obj
c:\tom\libpng\lpng1234\lpng1234\projects\visualc71\win32_lib_release\pngmem.obj
c:\tom\libpng\lpng1234\lpng1234\projects\visualc71\win32_lib_release\pngget.obj
c:\tom\libpng\lpng1234\lpng1234\projects\visualc71\win32_lib_release\png.obj
c:\tom\libpng\lpng1234\lpng1234\projects\visualc71\win32_lib_release\libpng.lib
c:\tom\libpng\lpng1234\lpng1234\projects\visualc71\win32_lib_release\cl.command.1.tlog
c:\tom\libpng\lpng1234\lpng1234\projects\visualc71\win32_lib_release\cl.read.1.tlog
c:\tom\libpng\lpng1234\lpng1234\projects\visualc71\win32_lib_release\cl.write.1.tlog
c:\tom\libpng\lpng1234\lpng1234\projects\visualc71\win32_lib_release\lib-link.read.1.tlog
c:\tom\libpng\lpng1234\lpng1234\projects\visualc71\win32_lib_release\lib-link.write.1.tlog
c:\tom\libpng\lpng1234\lpng1234\projects\visualc71\win32_lib_release\lib.command.1.tlog
c:\tom\libpng\lpng1234\lpng1234\projects\visualc71\win32_lib_release\libpng.write.1.tlog
c:\tom\libpng\lpng1234\lpng1234\projects\visualc71\.\win32_lib_release\libpng.lib
