Microsoft HTML Help Compiler 4.74.8702

Compiling c:\tom\BViewer\hlp\BViewer.chm


Compile time: 0 minutes, 3 seconds
7	Topics
14	Local links
0	Internet links
51	Graphics


Created c:\tom\BViewer\hlp\BViewer.chm, 3,378,878 bytes
Compression decreased file by 642,094 bytes.
Microsoft HTML Help Compiler 4.74.8702

Compiling c:\tom\BViewer\hlp\BViewer.chm


Compile time: 0 minutes, 2 seconds
7	Topics
14	Local links
0	Internet links
51	Graphics


Created c:\tom\BViewer\hlp\BViewer.chm, 3,378,890 bytes
Compression decreased file by 642,051 bytes.
Microsoft HTML Help Compiler 4.74.8702

Compiling c:\tom\BViewer\hlp\BViewer.chm


Compile time: 0 minutes, 3 seconds
7	Topics
14	Local links
0	Internet links
50	Graphics


Created c:\tom\BViewer\hlp\BViewer.chm, 3,354,278 bytes
Compression decreased file by 626,243 bytes.
Microsoft HTML Help Compiler 4.74.8702

Compiling c:\tom\BViewer\hlp\BViewer.chm


Compile time: 0 minutes, 3 seconds
7	Topics
14	Local links
0	Internet links
51	Graphics


Created c:\tom\BViewer\hlp\BViewer.chm, 3,378,888 bytes
Compression decreased file by 642,083 bytes.
Microsoft HTML Help Compiler 4.74.8702

Compiling c:\tom\BViewer\hlp\BViewer.chm


Compile time: 0 minutes, 3 seconds
7	Topics
14	Local links
0	Internet links
50	Graphics


Created c:\tom\BViewer\hlp\BViewer.chm, 3,354,356 bytes
Compression decreased file by 626,239 bytes.
Microsoft HTML Help Compiler 4.74.8702

Compiling c:\tom\BViewer\hlp\BViewer.chm


Compile time: 0 minutes, 2 seconds
7	Topics
14	Local links
0	Internet links
51	Graphics


Created c:\tom\BViewer\hlp\BViewer.chm, 3,378,888 bytes
Compression decreased file by 642,083 bytes.
Microsoft HTML Help Compiler 4.74.8702

Compiling c:\tom\BViewer\hlp\BViewer.chm


Compile time: 0 minutes, 3 seconds
7	Topics
14	Local links
0	Internet links
51	Graphics


Created c:\tom\BViewer\hlp\BViewer.chm, 3,378,888 bytes
Compression decreased file by 642,083 bytes.
Microsoft HTML Help Compiler 4.74.8702

Compiling c:\tom\BViewer\hlp\BViewer.chm


Compile time: 0 minutes, 3 seconds
7	Topics
14	Local links
0	Internet links
50	Graphics


Created c:\tom\BViewer\hlp\BViewer.chm, 3,354,356 bytes
Compression decreased file by 626,247 bytes.
Microsoft HTML Help Compiler 4.74.8702

Compiling c:\tom\BViewer\hlp\BViewer.chm


Compile time: 0 minutes, 3 seconds
7	Topics
14	Local links
0	Internet links
51	Graphics


Created c:\tom\BViewer\hlp\BViewer.chm, 3,372,814 bytes
Compression decreased file by 633,501 bytes.
Microsoft HTML Help Compiler 4.74.8702

Compiling c:\tom\BViewer\hlp\BViewer.chm


Compile time: 0 minutes, 3 seconds
7	Topics
14	Local links
0	Internet links
51	Graphics


Created c:\tom\BViewer\hlp\BViewer.chm, 3,373,468 bytes
Compression decreased file by 633,528 bytes.
