c:\tom\libpng\lpng1234\lpng1234\projects\visualc71\win32_lib_release\zlib\zlib.pdb
c:\tom\libpng\lpng1234\lpng1234\projects\visualc71\win32_lib_release\zlib\zutil.obj
c:\tom\libpng\lpng1234\lpng1234\projects\visualc71\win32_lib_release\zlib\uncompr.obj
c:\tom\libpng\lpng1234\lpng1234\projects\visualc71\win32_lib_release\zlib\trees.obj
c:\tom\libpng\lpng1234\lpng1234\projects\visualc71\win32_lib_release\zlib\inftrees.obj
c:\tom\libpng\lpng1234\lpng1234\projects\visualc71\win32_lib_release\zlib\inflate.obj
c:\tom\libpng\lpng1234\lpng1234\projects\visualc71\win32_lib_release\zlib\inffast.obj
c:\tom\libpng\lpng1234\lpng1234\projects\visualc71\win32_lib_release\zlib\infback.obj
c:\tom\libpng\lpng1234\lpng1234\projects\visualc71\win32_lib_release\zlib\gzio.obj
c:\tom\libpng\lpng1234\lpng1234\projects\visualc71\win32_lib_release\zlib\deflate.obj
c:\tom\libpng\lpng1234\lpng1234\projects\visualc71\win32_lib_release\zlib\crc32.obj
c:\tom\libpng\lpng1234\lpng1234\projects\visualc71\win32_lib_release\zlib\compress.obj
c:\tom\libpng\lpng1234\lpng1234\projects\visualc71\win32_lib_release\zlib\adler32.obj
c:\tom\libpng\lpng1234\lpng1234\projects\visualc71\win32_lib_release\zlib\zlib.lib
c:\tom\libpng\lpng1234\lpng1234\projects\visualc71\.\win32_lib_release\zlib\zlib.lib
c:\tom\libpng\lpng1234\lpng1234\projects\visualc71\win32_lib_release\zlib\zlib.tlog\cl.command.1.tlog
c:\tom\libpng\lpng1234\lpng1234\projects\visualc71\win32_lib_release\zlib\zlib.tlog\cl.read.1.tlog
c:\tom\libpng\lpng1234\lpng1234\projects\visualc71\win32_lib_release\zlib\zlib.tlog\cl.write.1.tlog
c:\tom\libpng\lpng1234\lpng1234\projects\visualc71\win32_lib_release\zlib\zlib.tlog\lib-link.read.1.tlog
c:\tom\libpng\lpng1234\lpng1234\projects\visualc71\win32_lib_release\zlib\zlib.tlog\lib-link.write.1.tlog
c:\tom\libpng\lpng1234\lpng1234\projects\visualc71\win32_lib_release\zlib\zlib.tlog\lib.command.1.tlog
