c:\tom\libpng\lpng1234\lpng1234\projects\visualc71\win32_lib_debug\zlib\zlibd.pdb
c:\tom\libpng\lpng1234\lpng1234\projects\visualc71\win32_lib_debug\zlib\zutil.obj
c:\tom\libpng\lpng1234\lpng1234\projects\visualc71\win32_lib_debug\zlib\uncompr.obj
c:\tom\libpng\lpng1234\lpng1234\projects\visualc71\win32_lib_debug\zlib\trees.obj
c:\tom\libpng\lpng1234\lpng1234\projects\visualc71\win32_lib_debug\zlib\inftrees.obj
c:\tom\libpng\lpng1234\lpng1234\projects\visualc71\win32_lib_debug\zlib\inflate.obj
c:\tom\libpng\lpng1234\lpng1234\projects\visualc71\win32_lib_debug\zlib\inffast.obj
c:\tom\libpng\lpng1234\lpng1234\projects\visualc71\win32_lib_debug\zlib\infback.obj
c:\tom\libpng\lpng1234\lpng1234\projects\visualc71\win32_lib_debug\zlib\gzio.obj
c:\tom\libpng\lpng1234\lpng1234\projects\visualc71\win32_lib_debug\zlib\deflate.obj
c:\tom\libpng\lpng1234\lpng1234\projects\visualc71\win32_lib_debug\zlib\crc32.obj
c:\tom\libpng\lpng1234\lpng1234\projects\visualc71\win32_lib_debug\zlib\compress.obj
c:\tom\libpng\lpng1234\lpng1234\projects\visualc71\win32_lib_debug\zlib\adler32.obj
c:\tom\libpng\lpng1234\lpng1234\projects\visualc71\win32_lib_debug\zlib\zlibd.lib
c:\tom\libpng\lpng1234\lpng1234\projects\visualc71\win32_lib_debug\zlib\zlib.tlog\cl.command.1.tlog
c:\tom\libpng\lpng1234\lpng1234\projects\visualc71\win32_lib_debug\zlib\zlib.tlog\cl.read.1.tlog
c:\tom\libpng\lpng1234\lpng1234\projects\visualc71\win32_lib_debug\zlib\zlib.tlog\cl.write.1.tlog
c:\tom\libpng\lpng1234\lpng1234\projects\visualc71\win32_lib_debug\zlib\zlib.tlog\lib-link.read.1.tlog
c:\tom\libpng\lpng1234\lpng1234\projects\visualc71\win32_lib_debug\zlib\zlib.tlog\lib-link.write.1.tlog
c:\tom\libpng\lpng1234\lpng1234\projects\visualc71\win32_lib_debug\zlib\zlib.tlog\lib.command.1.tlog
