C:\TOM\LIBPNG\LPNG1234\LPNG1234\PROJECTS\VISUALC71\WIN64_LIB_RELEASE\ZLIB\ADLER32.OBJ
C:\Tom\libpng\lpng1234\lpng1234\projects\visualc71\Win64_LIB_Release\ZLib\cl.command.1.tlog
C:\Tom\libpng\lpng1234\lpng1234\projects\visualc71\Win64_LIB_Release\ZLib\CL.read.1.tlog
C:\Tom\libpng\lpng1234\lpng1234\projects\visualc71\Win64_LIB_Release\ZLib\CL.write.1.tlog
C:\TOM\LIBPNG\LPNG1234\LPNG1234\PROJECTS\VISUALC71\WIN64_LIB_RELEASE\ZLIB\COMPRESS.OBJ
C:\TOM\LIBPNG\LPNG1234\LPNG1234\PROJECTS\VISUALC71\WIN64_LIB_RELEASE\ZLIB\CRC32.OBJ
C:\TOM\LIBPNG\LPNG1234\LPNG1234\PROJECTS\VISUALC71\WIN64_LIB_RELEASE\ZLIB\DEFLATE.OBJ
C:\TOM\LIBPNG\LPNG1234\LPNG1234\PROJECTS\VISUALC71\WIN64_LIB_RELEASE\ZLIB\GZIO.OBJ
C:\TOM\LIBPNG\LPNG1234\LPNG1234\PROJECTS\VISUALC71\WIN64_LIB_RELEASE\ZLIB\INFBACK.OBJ
C:\TOM\LIBPNG\LPNG1234\LPNG1234\PROJECTS\VISUALC71\WIN64_LIB_RELEASE\ZLIB\INFFAST.OBJ
C:\TOM\LIBPNG\LPNG1234\LPNG1234\PROJECTS\VISUALC71\WIN64_LIB_RELEASE\ZLIB\INFLATE.OBJ
C:\TOM\LIBPNG\LPNG1234\LPNG1234\PROJECTS\VISUALC71\WIN64_LIB_RELEASE\ZLIB\INFTREES.OBJ
C:\Tom\libpng\lpng1234\lpng1234\projects\visualc71\Win64_LIB_Release\ZLib\lib.command.1.tlog
C:\Tom\libpng\lpng1234\lpng1234\projects\visualc71\Win64_LIB_Release\ZLib\Lib-link.read.1.tlog
C:\Tom\libpng\lpng1234\lpng1234\projects\visualc71\Win64_LIB_Release\ZLib\Lib-link.write.1.tlog
C:\TOM\LIBPNG\LPNG1234\LPNG1234\PROJECTS\VISUALC71\WIN64_LIB_RELEASE\ZLIB\TREES.OBJ
C:\TOM\LIBPNG\LPNG1234\LPNG1234\PROJECTS\VISUALC71\WIN64_LIB_RELEASE\ZLIB\UNCOMPR.OBJ
C:\TOM\LIBPNG\LPNG1234\LPNG1234\PROJECTS\VISUALC71\WIN64_LIB_RELEASE\ZLIB\VC100.PDB
C:\TOM\LIBPNG\LPNG1234\LPNG1234\PROJECTS\VISUALC71\WIN64_LIB_RELEASE\ZLIB\ZLIB.LIB
C:\TOM\LIBPNG\LPNG1234\LPNG1234\PROJECTS\VISUALC71\WIN64_LIB_RELEASE\ZLIB\ZUTIL.OBJ
