C:\TOM\LIBPNG\LPNG1234\LPNG1234\PROJECTS\VISUALC71\WIN64_LIB_DEBUG\ZLIB\ADLER32.OBJ
C:\Tom\libpng\lpng1234\lpng1234\projects\visualc71\Win64_LIB_Debug\ZLib\cl.command.1.tlog
C:\Tom\libpng\lpng1234\lpng1234\projects\visualc71\Win64_LIB_Debug\ZLib\CL.read.1.tlog
C:\Tom\libpng\lpng1234\lpng1234\projects\visualc71\Win64_LIB_Debug\ZLib\CL.write.1.tlog
C:\TOM\LIBPNG\LPNG1234\LPNG1234\PROJECTS\VISUALC71\WIN64_LIB_DEBUG\ZLIB\COMPRESS.OBJ
C:\TOM\LIBPNG\LPNG1234\LPNG1234\PROJECTS\VISUALC71\WIN64_LIB_DEBUG\ZLIB\CRC32.OBJ
C:\TOM\LIBPNG\LPNG1234\LPNG1234\PROJECTS\VISUALC71\WIN64_LIB_DEBUG\ZLIB\DEFLATE.OBJ
C:\TOM\LIBPNG\LPNG1234\LPNG1234\PROJECTS\VISUALC71\WIN64_LIB_DEBUG\ZLIB\GZIO.OBJ
C:\TOM\LIBPNG\LPNG1234\LPNG1234\PROJECTS\VISUALC71\WIN64_LIB_DEBUG\ZLIB\INFBACK.OBJ
C:\TOM\LIBPNG\LPNG1234\LPNG1234\PROJECTS\VISUALC71\WIN64_LIB_DEBUG\ZLIB\INFFAST.OBJ
C:\TOM\LIBPNG\LPNG1234\LPNG1234\PROJECTS\VISUALC71\WIN64_LIB_DEBUG\ZLIB\INFLATE.OBJ
C:\TOM\LIBPNG\LPNG1234\LPNG1234\PROJECTS\VISUALC71\WIN64_LIB_DEBUG\ZLIB\INFTREES.OBJ
C:\Tom\libpng\lpng1234\lpng1234\projects\visualc71\Win64_LIB_Debug\ZLib\lib.command.1.tlog
C:\Tom\libpng\lpng1234\lpng1234\projects\visualc71\Win64_LIB_Debug\ZLib\Lib-link.read.1.tlog
C:\Tom\libpng\lpng1234\lpng1234\projects\visualc71\Win64_LIB_Debug\ZLib\Lib-link.write.1.tlog
C:\TOM\LIBPNG\LPNG1234\LPNG1234\PROJECTS\VISUALC71\WIN64_LIB_DEBUG\ZLIB\TREES.OBJ
C:\TOM\LIBPNG\LPNG1234\LPNG1234\PROJECTS\VISUALC71\WIN64_LIB_DEBUG\ZLIB\UNCOMPR.OBJ
C:\TOM\LIBPNG\LPNG1234\LPNG1234\PROJECTS\VISUALC71\WIN64_LIB_DEBUG\ZLIB\VC100.PDB
C:\TOM\LIBPNG\LPNG1234\LPNG1234\PROJECTS\VISUALC71\WIN64_LIB_DEBUG\ZLIB\ZLIBD.LIB
C:\TOM\LIBPNG\LPNG1234\LPNG1234\PROJECTS\VISUALC71\WIN64_LIB_DEBUG\ZLIB\ZUTIL.OBJ
