C:\Tom\libpng\lpng1234\lpng1234\projects\visualc71\Win64_LIB_Release\cl.command.1.tlog
C:\Tom\libpng\lpng1234\lpng1234\projects\visualc71\Win64_LIB_Release\CL.read.1.tlog
C:\Tom\libpng\lpng1234\lpng1234\projects\visualc71\Win64_LIB_Release\CL.write.1.tlog
C:\Tom\libpng\lpng1234\lpng1234\projects\visualc71\Win64_LIB_Release\lib.command.1.tlog
C:\Tom\libpng\lpng1234\lpng1234\projects\visualc71\Win64_LIB_Release\Lib-link.read.1.tlog
C:\Tom\libpng\lpng1234\lpng1234\projects\visualc71\Win64_LIB_Release\Lib-link.write.1.tlog
C:\TOM\LIBPNG\LPNG1234\LPNG1234\PROJECTS\VISUALC71\WIN64_LIB_RELEASE\LIBPNG.LIB
C:\TOM\LIBPNG\LPNG1234\LPNG1234\PROJECTS\VISUALC71\WIN64_LIB_RELEASE\LIBPNG.PCH
C:\Tom\libpng\lpng1234\lpng1234\projects\visualc71\Win64_LIB_Release\libpng.write.1.tlog
C:\TOM\LIBPNG\LPNG1234\LPNG1234\PROJECTS\VISUALC71\WIN64_LIB_RELEASE\PNG.OBJ
C:\TOM\LIBPNG\LPNG1234\LPNG1234\PROJECTS\VISUALC71\WIN64_LIB_RELEASE\PNGERROR.OBJ
C:\TOM\LIBPNG\LPNG1234\LPNG1234\PROJECTS\VISUALC71\WIN64_LIB_RELEASE\PNGGET.OBJ
C:\TOM\LIBPNG\LPNG1234\LPNG1234\PROJECTS\VISUALC71\WIN64_LIB_RELEASE\PNGMEM.OBJ
C:\TOM\LIBPNG\LPNG1234\LPNG1234\PROJECTS\VISUALC71\WIN64_LIB_RELEASE\PNGPREAD.OBJ
C:\TOM\LIBPNG\LPNG1234\LPNG1234\PROJECTS\VISUALC71\WIN64_LIB_RELEASE\PNGREAD.OBJ
C:\TOM\LIBPNG\LPNG1234\LPNG1234\PROJECTS\VISUALC71\WIN64_LIB_RELEASE\PNGRIO.OBJ
C:\TOM\LIBPNG\LPNG1234\LPNG1234\PROJECTS\VISUALC71\WIN64_LIB_RELEASE\PNGRTRAN.OBJ
C:\TOM\LIBPNG\LPNG1234\LPNG1234\PROJECTS\VISUALC71\WIN64_LIB_RELEASE\PNGRUTIL.OBJ
C:\TOM\LIBPNG\LPNG1234\LPNG1234\PROJECTS\VISUALC71\WIN64_LIB_RELEASE\PNGSET.OBJ
C:\TOM\LIBPNG\LPNG1234\LPNG1234\PROJECTS\VISUALC71\WIN64_LIB_RELEASE\PNGTRANS.OBJ
C:\TOM\LIBPNG\LPNG1234\LPNG1234\PROJECTS\VISUALC71\WIN64_LIB_RELEASE\PNGWIO.OBJ
C:\TOM\LIBPNG\LPNG1234\LPNG1234\PROJECTS\VISUALC71\WIN64_LIB_RELEASE\PNGWRITE.OBJ
C:\TOM\LIBPNG\LPNG1234\LPNG1234\PROJECTS\VISUALC71\WIN64_LIB_RELEASE\PNGWTRAN.OBJ
C:\TOM\LIBPNG\LPNG1234\LPNG1234\PROJECTS\VISUALC71\WIN64_LIB_RELEASE\PNGWUTIL.OBJ
C:\TOM\LIBPNG\LPNG1234\LPNG1234\PROJECTS\VISUALC71\WIN64_LIB_RELEASE\VC100.PDB
